[2019-01-17 18:00:43][11] Processing: App\Jobs\SendReminderEmail
[2019-01-17 18:00:43][12] Processing: App\Jobs\SendReminderEmail
[2019-01-17 18:00:43][11] Processed:  App\Jobs\SendReminderEmail
[2019-01-17 18:00:43][12] Processed:  App\Jobs\SendReminderEmail
[2019-01-17 18:00:44][13] Processing: App\Jobs\SendReminderEmail
[2019-01-17 18:00:45][13] Processed:  App\Jobs\SendReminderEmail
[2019-01-17 18:00:47][14] Processing: App\Jobs\SendReminderEmail
[2019-01-17 18:00:47][15] Processing: App\Jobs\SendReminderEmail
[2019-01-17 18:00:47][14] Processed:  App\Jobs\SendReminderEmail
[2019-01-17 18:00:48][15] Processed:  App\Jobs\SendReminderEmail
[2019-01-17 18:14:26][16] Processing: App\Jobs\SendReminderEmail
[2019-01-17 18:14:27][16] Processed:  App\Jobs\SendReminderEmail
[2019-01-17 18:14:27][17] Processing: App\Jobs\SendReminderEmail
[2019-01-17 18:14:27][17] Processed:  App\Jobs\SendReminderEmail
[2019-01-17 18:14:28][18] Processing: App\Jobs\SendReminderEmail
[2019-01-17 18:14:28][18] Processed:  App\Jobs\SendReminderEmail
[2019-01-17 18:14:29][19] Processing: App\Jobs\SendReminderEmail
[2019-01-17 18:14:29][19] Processed:  App\Jobs\SendReminderEmail
[2019-01-17 18:14:29][20] Processing: App\Jobs\SendReminderEmail
[2019-01-17 18:14:30][20] Processed:  App\Jobs\SendReminderEmail
[2019-01-17 18:14:46][21] Processing: App\Jobs\SendReminderEmail
[2019-01-17 18:14:47][22] Processing: App\Jobs\SendReminderEmail
[2019-01-17 18:14:47][21] Processed:  App\Jobs\SendReminderEmail
[2019-01-17 18:14:47][23] Processing: App\Jobs\SendReminderEmail
[2019-01-17 18:14:47][22] Processed:  App\Jobs\SendReminderEmail
[2019-01-17 18:14:47][24] Processing: App\Jobs\SendReminderEmail
[2019-01-17 18:14:47][23] Processed:  App\Jobs\SendReminderEmail
[2019-01-17 18:14:48][24] Processed:  App\Jobs\SendReminderEmail
[2019-01-17 18:14:48][25] Processing: App\Jobs\SendReminderEmail
[2019-01-17 18:14:49][25] Processed:  App\Jobs\SendReminderEmail
[2019-01-18 09:34:34][1] Processing: App\Jobs\SendReminderEmail
[2019-01-18 09:34:35][1] Processed:  App\Jobs\SendReminderEmail
[2019-01-18 09:34:37][2] Processing: App\Jobs\SendReminderEmail
[2019-01-18 09:34:38][2] Processed:  App\Jobs\SendReminderEmail
[2019-01-18 09:34:38][3] Processing: App\Jobs\SendReminderEmail
[2019-01-18 09:34:39][4] Processing: App\Jobs\SendReminderEmail
[2019-01-18 09:34:39][5] Processing: App\Jobs\SendReminderEmail
[2019-01-18 09:34:39][3] Processed:  App\Jobs\SendReminderEmail
[2019-01-18 09:34:39][4] Processed:  App\Jobs\SendReminderEmail
[2019-01-18 09:34:40][5] Processed:  App\Jobs\SendReminderEmail

In web.php line 23:
                                               
  syntax error, unexpected 'Route' (T_STRING)  
                                               


In web.php line 23:
                                               
  syntax error, unexpected 'Route' (T_STRING)  
                                               

In web.php line 23:
                                               
  syntax error, unexpected 'Route' (T_STRING)  
                                               


In web.php line 23:
                                               
  syntax error, unexpected 'Route' (T_STRING)  
                                               

In web.php line 23:
                                               
  syntax error, unexpected 'Route' (T_STRING)  
                                               


In web.php line 23:
                                               
  syntax error, unexpected 'Route' (T_STRING)  
                                               



In web.php line 23:
                                               
  syntax error, unexpected 'Route' (T_STRING)  
                                               

In web.php line 23:
                                               
  syntax error, unexpected 'Route' (T_STRING)  
                                               


In web.php line 23:
                                               
  syntax error, unexpected 'Route' (T_STRING)  
                                               

In web.php line 23:
                                               
  syntax error, unexpected 'Route' (T_STRING)  
                                               

In web.php line 23:
                                               
  syntax error, unexpected 'Route' (T_STRING)  
                                               



In web.php line 23:
                                               
  syntax error, unexpected 'Route' (T_STRING)  
                                               


In web.php line 23:
                                               
  syntax error, unexpected 'Route' (T_STRING)  
                                               


In web.php line 23:
                                               
  syntax error, unexpected 'Route' (T_STRING)  
                                               



In web.php line 23:
                                               
  syntax error, unexpected 'Route' (T_STRING)  
                                               

In web.php line 23:
                                               
  syntax error, unexpected 'Route' (T_STRING)  
                                               



In web.php line 23:
                                               
  syntax error, unexpected 'Route' (T_STRING)  
                                               



In web.php line 23:
                                               
  syntax error, unexpected 'Route' (T_STRING)  
                                               


In web.php line 23:
                                               
  syntax error, unexpected 'Route' (T_STRING)  
                                               

In web.php line 23:
                                               
  syntax error, unexpected 'Route' (T_STRING)  
                                               

In web.php line 23:
                                               
  syntax error, unexpected 'Route' (T_STRING)  
                                               

In web.php line 23:
                                               
  syntax error, unexpected 'Route' (T_STRING)  
                                               



In web.php line 23:
                                               
  syntax error, unexpected 'Route' (T_STRING)  
                                               


In web.php line 23:
                                               
  syntax error, unexpected 'Route' (T_STRING)  
                                               


In web.php line 23:
                                               
  syntax error, unexpected 'Route' (T_STRING)  
                                               

In web.php line 23:
                                               
  syntax error, unexpected 'Route' (T_STRING)  
                                               


In web.php line 23:
                                               
  syntax error, unexpected 'Route' (T_STRING)  
                                               



In web.php line 23:
                                               
  syntax error, unexpected 'Route' (T_STRING)  
                                               


In web.php line 23:
                                               
  syntax error, unexpected 'Route' (T_STRING)  
                                               


In web.php line 23:
                                               
  syntax error, unexpected 'Route' (T_STRING)  
                                               


In web.php line 23:
                                               
  syntax error, unexpected 'Route' (T_STRING)  
                                               

In web.php line 23:
                                               
  syntax error, unexpected 'Route' (T_STRING)  
                                               


In web.php line 23:
                                               
  syntax error, unexpected 'Route' (T_STRING)  
                                               


In web.php line 23:
                                               
  syntax error, unexpected 'Route' (T_STRING)  
                                               


In web.php line 23:
                                               
  syntax error, unexpected 'Route' (T_STRING)  
                                               


In web.php line 23:
                                               
  syntax error, unexpected 'Route' (T_STRING)  
                                               


In web.php line 23:
                                               
  syntax error, unexpected 'Route' (T_STRING)  
                                               


In web.php line 23:
                                               
  syntax error, unexpected 'Route' (T_STRING)  
                                               



In web.php line 23:
                                               
  syntax error, unexpected 'Route' (T_STRING)  
                                               



In web.php line 23:
                                               
  syntax error, unexpected 'Route' (T_STRING)  
                                               



In web.php line 23:
                                               
  syntax error, unexpected 'Route' (T_STRING)  
                                               


In web.php line 23:
                                               
  syntax error, unexpected 'Route' (T_STRING)  
                                               


In web.php line 23:
                                               
  syntax error, unexpected 'Route' (T_STRING)  
                                               

In web.php line 23:
                                               
  syntax error, unexpected 'Route' (T_STRING)  
                                               

In web.php line 23:
                                               
  syntax error, unexpected 'Route' (T_STRING)  
                                               


In web.php line 23:
                                               
  syntax error, unexpected 'Route' (T_STRING)  
                                               

In web.php line 23:
                                               
  syntax error, unexpected 'Route' (T_STRING)  
                                               

In web.php line 23:
                                               
  syntax error, unexpected 'Route' (T_STRING)  
                                               

In web.php line 23:
                                               
  syntax error, unexpected 'Route' (T_STRING)  
                                               



In web.php line 23:
                                               
  syntax error, unexpected 'Route' (T_STRING)  
                                               


In web.php line 23:
                                               
  syntax error, unexpected 'Route' (T_STRING)  
                                               


In web.php line 23:
                                               
  syntax error, unexpected 'Route' (T_STRING)  
                                               

In web.php line 23:
                                               
  syntax error, unexpected 'Route' (T_STRING)  
                                               



In web.php line 23:
                                               
  syntax error, unexpected 'Route' (T_STRING)  
                                               



In web.php line 23:
                                               
  syntax error, unexpected 'Route' (T_STRING)  
                                               


In web.php line 23:
                                               
  syntax error, unexpected 'Route' (T_STRING)  
                                               

In web.php line 23:
                                               
  syntax error, unexpected 'Route' (T_STRING)  
                                               



In web.php line 23:
                                               
  syntax error, unexpected 'Route' (T_STRING)  
                                               


In web.php line 23:
                                               
  syntax error, unexpected 'Route' (T_STRING)  
                                               


In web.php line 23:
                                               
  syntax error, unexpected 'Route' (T_STRING)  
                                               

In web.php line 23:
                                               
  syntax error, unexpected 'Route' (T_STRING)  
                                               


In web.php line 23:
                                               
  syntax error, unexpected 'Route' (T_STRING)  
                                               



In web.php line 23:
                                               
  syntax error, unexpected 'Route' (T_STRING)  
                                               


In web.php line 23:
                                               
  syntax error, unexpected 'Route' (T_STRING)  
                                               

In web.php line 23:
                                               
  syntax error, unexpected 'Route' (T_STRING)  
                                               



In web.php line 23:
                                               
  syntax error, unexpected 'Route' (T_STRING)  
                                               


In web.php line 23:
                                               
  syntax error, unexpected 'Route' (T_STRING)  
                                               



In web.php line 23:
                                               
  syntax error, unexpected 'Route' (T_STRING)  
                                               

In web.php line 23:
                                               
  syntax error, unexpected 'Route' (T_STRING)  
                                               


In web.php line 23:
                                               
  syntax error, unexpected 'Route' (T_STRING)  
                                               



In web.php line 23:
                                               
  syntax error, unexpected 'Route' (T_STRING)  
                                               



In web.php line 23:
                                               
  syntax error, unexpected 'Route' (T_STRING)  
                                               

In web.php line 23:
                                               
  syntax error, unexpected 'Route' (T_STRING)  
                                               



In web.php line 23:
                                               
  syntax error, unexpected 'Route' (T_STRING)  
                                               

In web.php line 23:
                                               
  syntax error, unexpected 'Route' (T_STRING)  
                                               



In web.php line 23:
                                               
  syntax error, unexpected 'Route' (T_STRING)  
                                               


In web.php line 23:
                                               
  syntax error, unexpected 'Route' (T_STRING)  
                                               

In web.php line 23:
                                               
  syntax error, unexpected 'Route' (T_STRING)  
                                               


In web.php line 23:
                                               
  syntax error, unexpected 'Route' (T_STRING)  
                                               


In web.php line 23:
                                               
  syntax error, unexpected 'Route' (T_STRING)  
                                               

In web.php line 23:
                                               
  syntax error, unexpected 'Route' (T_STRING)  
                                               


In web.php line 23:
                                               
  syntax error, unexpected 'Route' (T_STRING)  
                                               

In web.php line 23:
                                               
  syntax error, unexpected 'Route' (T_STRING)  
                                               

In web.php line 23:
                                               
  syntax error, unexpected 'Route' (T_STRING)  
                                               



In web.php line 23:
                                               
  syntax error, unexpected 'Route' (T_STRING)  
                                               


In web.php line 23:
                                               
  syntax error, unexpected 'Route' (T_STRING)  
                                               


In web.php line 23:
                                               
  syntax error, unexpected 'Route' (T_STRING)  
                                               


In web.php line 23:
                                               
  syntax error, unexpected 'Route' (T_STRING)  
                                               


In web.php line 23:
                                               
  syntax error, unexpected 'Route' (T_STRING)  
                                               


In web.php line 23:
                                               
  syntax error, unexpected 'Route' (T_STRING)  
                                               


In web.php line 23:
                                               
  syntax error, unexpected 'Route' (T_STRING)  
                                               

In web.php line 23:
                                               
  syntax error, unexpected 'Route' (T_STRING)  
                                               


In web.php line 23:
                                               
  syntax error, unexpected 'Route' (T_STRING)  
                                               


In web.php line 23:
                                               
  syntax error, unexpected 'Route' (T_STRING)  
                                               


In web.php line 23:
                                               
  syntax error, unexpected 'Route' (T_STRING)  
                                               


In web.php line 23:
                                               
  syntax error, unexpected 'Route' (T_STRING)  
                                               


In web.php line 23:
                                               
  syntax error, unexpected 'Route' (T_STRING)  
                                               


In web.php line 23:
                                               
  syntax error, unexpected 'Route' (T_STRING)  
                                               


In web.php line 23:
                                               
  syntax error, unexpected 'Route' (T_STRING)  
                                               

In web.php line 23:
                                               
  syntax error, unexpected 'Route' (T_STRING)  
                                               



In web.php line 23:
                                               
  syntax error, unexpected 'Route' (T_STRING)  
                                               


In web.php line 23:
                                               
  syntax error, unexpected 'Route' (T_STRING)  
                                               


In web.php line 23:
                                               
  syntax error, unexpected 'Route' (T_STRING)  
                                               


In web.php line 23:
                                               
  syntax error, unexpected 'Route' (T_STRING)  
                                               



In web.php line 23:
                                               
  syntax error, unexpected 'Route' (T_STRING)  
                                               


In web.php line 23:
                                               
  syntax error, unexpected 'Route' (T_STRING)  
                                               



In web.php line 23:
                                               
  syntax error, unexpected 'Route' (T_STRING)  
                                               

In web.php line 23:
                                               
  syntax error, unexpected 'Route' (T_STRING)  
                                               


In web.php line 23:
                                               
  syntax error, unexpected 'Route' (T_STRING)  
                                               



In web.php line 23:
                                               
  syntax error, unexpected 'Route' (T_STRING)  
                                               


In web.php line 23:
                                               
  syntax error, unexpected 'Route' (T_STRING)  
                                               

In web.php line 23:
                                               
  syntax error, unexpected 'Route' (T_STRING)  
                                               


In web.php line 23:
                                               
  syntax error, unexpected 'Route' (T_STRING)  
                                               


In web.php line 23:
                                               
  syntax error, unexpected 'Route' (T_STRING)  
                                               


In web.php line 23:
                                               
  syntax error, unexpected 'Route' (T_STRING)  
                                               


In web.php line 23:
                                               
  syntax error, unexpected 'Route' (T_STRING)  
                                               


In web.php line 23:
                                               
  syntax error, unexpected 'Route' (T_STRING)  
                                               


In web.php line 23:
                                               
  syntax error, unexpected 'Route' (T_STRING)  
                                               



In web.php line 23:
                                               
  syntax error, unexpected 'Route' (T_STRING)  
                                               


In web.php line 23:
                                               
  syntax error, unexpected 'Route' (T_STRING)  
                                               

In web.php line 23:
                                               
  syntax error, unexpected 'Route' (T_STRING)  
                                               



In web.php line 23:
                                               
  syntax error, unexpected 'Route' (T_STRING)  
                                               


In web.php line 23:
                                               
  syntax error, unexpected 'Route' (T_STRING)  
                                               

In web.php line 23:
                                               
  syntax error, unexpected 'Route' (T_STRING)  
                                               


In web.php line 23:
                                               
  syntax error, unexpected 'Route' (T_STRING)  
                                               


   Symfony\Component\Process\Exception\ProcessTimedOutException  : The process "'/usr/local/php/bin/php' 'artisan' 'queue:work' '--once' '--queue=default' '--delay=0' '--memory=128' '--sleep=3' '--tries=3'" exceeded the timeout of 60 seconds.

  at /home/wwwroot/default/queue-series/vendor/symfony/process/Process.php:1236

   Symfony\Component\Process\Exception\ProcessTimedOutException  : The process "'/usr/local/php/bin/php' 'artisan' 'queue:work' '--once' '--queue=default' '--delay=0' '--memory=128' '--sleep=3' '--tries=3'" exceeded the timeout of 60 seconds.

  at /home/wwwroot/default/queue-series/vendor/symfony/process/Process.php:1236


   Symfony\Component\Process\Exception\ProcessTimedOutException  : The process "'/usr/local/php/bin/php' 'artisan' 'queue:work' '--once' '--queue=default' '--delay=0' '--memory=128' '--sleep=3' '--tries=3'" exceeded the timeout of 60 seconds.

  at /home/wwwroot/default/queue-series/vendor/symfony/process/Process.php:1236


   Symfony\Component\Process\Exception\ProcessTimedOutException  : The process "'/usr/local/php/bin/php' 'artisan' 'queue:work' '--once' '--queue=default' '--delay=0' '--memory=128' '--sleep=3' '--tries=3'" exceeded the timeout of 60 seconds.

  at /home/wwwroot/default/queue-series/vendor/symfony/process/Process.php:1236


   Symfony\Component\Process\Exception\ProcessTimedOutException  : The process "'/usr/local/php/bin/php' 'artisan' 'queue:work' '--once' '--queue=default' '--delay=0' '--memory=128' '--sleep=3' '--tries=3'" exceeded the timeout of 60 seconds.

  at /home/wwwroot/default/queue-series/vendor/symfony/process/Process.php:1236

   Symfony\Component\Process\Exception\ProcessTimedOutException  : The process "'/usr/local/php/bin/php' 'artisan' 'queue:work' '--once' '--queue=default' '--delay=0' '--memory=128' '--sleep=3' '--tries=3'" exceeded the timeout of 60 seconds.

  at /home/wwwroot/default/queue-series/vendor/symfony/process/Process.php:1236
    1232| 
    1233|         if (null !== $this->timeout && $this->timeout < microtime(true) - $this->starttime) {
    1234|             $this->stop(0);
    1235| 
  > 1236|             throw new ProcessTimedOutException($this, ProcessTimedOutException::TYPE_GENERAL);
    1237|         }
    1238| 
    1239|         if (null !== $this->idleTimeout && $this->idleTimeout < microtime(true) - $this->lastOutputTime) {
    1240|             $this->stop(0);

  Exception trace:

  1   Symfony\Component\Process\Process::checkTimeout()
      /home/wwwroot/default/queue-series/vendor/symfony/process/Process.php:416
    1232| 
    1233|         if (null !== $this->timeout && $this->timeout < microtime(true) - $this->starttime) {
    1234|             $this->stop(0);
    1235| 
  > 1236|             throw new ProcessTimedOutException($this, ProcessTimedOutException::TYPE_GENERAL);
    1237|         }
    1238| 
    1239|         if (null !== $this->idleTimeout && $this->idleTimeout < microtime(true) - $this->lastOutputTime) {
    1240|             $this->stop(0);
    1232| 
    1233|         if (null !== $this->timeout && $this->timeout < microtime(true) - $this->starttime) {
    1234|             $this->stop(0);
    1235| 
  > 1236|             throw new ProcessTimedOutException($this, ProcessTimedOutException::TYPE_GENERAL);
    1237|         }
    1238| 
    1239|         if (null !== $this->idleTimeout && $this->idleTimeout < microtime(true) - $this->lastOutputTime) {
    1240|             $this->stop(0);
    1232| 
    1233|         if (null !== $this->timeout && $this->timeout < microtime(true) - $this->starttime) {
    1234|             $this->stop(0);
    1235| 
  > 1236|             throw new ProcessTimedOutException($this, ProcessTimedOutException::TYPE_GENERAL);
    1237|         }
    1238| 
    1239|         if (null !== $this->idleTimeout && $this->idleTimeout < microtime(true) - $this->lastOutputTime) {
    1240|             $this->stop(0);

  2   Symfony\Component\Process\Process::wait()
      /home/wwwroot/default/queue-series/vendor/symfony/process/Process.php:235

  Please use the argument -v to see more details.
    1232| 
    1233|         if (null !== $this->timeout && $this->timeout < microtime(true) - $this->starttime) {
    1234|             $this->stop(0);
    1235| 
  > 1236|             throw new ProcessTimedOutException($this, ProcessTimedOutException::TYPE_GENERAL);
    1237|         }
    1238| 
    1239|         if (null !== $this->idleTimeout && $this->idleTimeout < microtime(true) - $this->lastOutputTime) {
    1240|             $this->stop(0);

  Exception trace:

  1   Symfony\Component\Process\Process::checkTimeout()
      /home/wwwroot/default/queue-series/vendor/symfony/process/Process.php:416

  2   Symfony\Component\Process\Process::wait()
      /home/wwwroot/default/queue-series/vendor/symfony/process/Process.php:235

  Please use the argument -v to see more details.

  Exception trace:

  1   Symfony\Component\Process\Process::checkTimeout()
      /home/wwwroot/default/queue-series/vendor/symfony/process/Process.php:416

  2   Symfony\Component\Process\Process::wait()
      /home/wwwroot/default/queue-series/vendor/symfony/process/Process.php:235

  Please use the argument -v to see more details.


   Symfony\Component\Process\Exception\ProcessTimedOutException  : The process "'/usr/local/php/bin/php' 'artisan' 'queue:work' '--once' '--queue=default' '--delay=0' '--memory=128' '--sleep=3' '--tries=3'" exceeded the timeout of 60 seconds.

  at /home/wwwroot/default/queue-series/vendor/symfony/process/Process.php:1236

  Exception trace:

  1   Symfony\Component\Process\Process::checkTimeout()
      /home/wwwroot/default/queue-series/vendor/symfony/process/Process.php:416

  2   Symfony\Component\Process\Process::wait()
      /home/wwwroot/default/queue-series/vendor/symfony/process/Process.php:235

  Please use the argument -v to see more details.

  Exception trace:

  1   Symfony\Component\Process\Process::checkTimeout()
      /home/wwwroot/default/queue-series/vendor/symfony/process/Process.php:416

  2   Symfony\Component\Process\Process::wait()
      /home/wwwroot/default/queue-series/vendor/symfony/process/Process.php:235

  Please use the argument -v to see more details.
    1232| 
    1233|         if (null !== $this->timeout && $this->timeout < microtime(true) - $this->starttime) {
    1234|             $this->stop(0);
    1235| 
  > 1236|             throw new ProcessTimedOutException($this, ProcessTimedOutException::TYPE_GENERAL);
    1237|         }
    1238| 
    1239|         if (null !== $this->idleTimeout && $this->idleTimeout < microtime(true) - $this->lastOutputTime) {
    1240|             $this->stop(0);

  Exception trace:

  1   Symfony\Component\Process\Process::checkTimeout()
      /home/wwwroot/default/queue-series/vendor/symfony/process/Process.php:416

  2   Symfony\Component\Process\Process::wait()
      /home/wwwroot/default/queue-series/vendor/symfony/process/Process.php:235

  Please use the argument -v to see more details.
    1232| 
    1233|         if (null !== $this->timeout && $this->timeout < microtime(true) - $this->starttime) {
    1234|             $this->stop(0);
    1235| 
  > 1236|             throw new ProcessTimedOutException($this, ProcessTimedOutException::TYPE_GENERAL);
    1237|         }
    1238| 
    1239|         if (null !== $this->idleTimeout && $this->idleTimeout < microtime(true) - $this->lastOutputTime) {
    1240|             $this->stop(0);

  Exception trace:

  1   Symfony\Component\Process\Process::checkTimeout()
      /home/wwwroot/default/queue-series/vendor/symfony/process/Process.php:416

  2   Symfony\Component\Process\Process::wait()
      /home/wwwroot/default/queue-series/vendor/symfony/process/Process.php:235

  Please use the argument -v to see more details.


   Symfony\Component\Process\Exception\ProcessTimedOutException  : The process "'/usr/local/php/bin/php' 'artisan' 'queue:work' '--once' '--queue=default' '--delay=0' '--memory=128' '--sleep=3' '--tries=3'" exceeded the timeout of 60 seconds.

  at /home/wwwroot/default/queue-series/vendor/symfony/process/Process.php:1236
    1232| 
    1233|         if (null !== $this->timeout && $this->timeout < microtime(true) - $this->starttime) {
    1234|             $this->stop(0);
    1235| 
  > 1236|             throw new ProcessTimedOutException($this, ProcessTimedOutException::TYPE_GENERAL);
    1237|         }
    1238| 
    1239|         if (null !== $this->idleTimeout && $this->idleTimeout < microtime(true) - $this->lastOutputTime) {
    1240|             $this->stop(0);

  Exception trace:

  1   Symfony\Component\Process\Process::checkTimeout()
      /home/wwwroot/default/queue-series/vendor/symfony/process/Process.php:416

  2   Symfony\Component\Process\Process::wait()
      /home/wwwroot/default/queue-series/vendor/symfony/process/Process.php:235

  Please use the argument -v to see more details.

   Symfony\Component\Process\Exception\ProcessSignaledException  : The process has been signaled with signal "11".

  at /home/wwwroot/default/queue-series/vendor/symfony/process/Process.php:426
    422|             usleep(1000);
    423|         }
    424| 
    425|         if ($this->processInformation['signaled'] && $this->processInformation['termsig'] !== $this->latestSignal) {
  > 426|             throw new ProcessSignaledException($this);
    427|         }
    428| 
    429|         return $this->exitcode;
    430|     }

  Exception trace:

  1   Symfony\Component\Process\Process::wait()
      /home/wwwroot/default/queue-series/vendor/symfony/process/Process.php:235

  2   Symfony\Component\Process\Process::run(Object(Closure))
      /home/wwwroot/default/queue-series/vendor/laravel/framework/src/Illuminate/Queue/Listener.php:175

  Please use the argument -v to see more details.
[2019-01-19 09:39:39][1] Processing: App\Jobs\SendReminderEmail
[2019-01-19 09:39:39][2] Processing: App\Jobs\SendReminderEmail
[2019-01-19 09:39:39][3] Processing: App\Jobs\SendReminderEmail
[2019-01-19 09:39:39][4] Processing: App\Jobs\SendReminderEmail
[2019-01-19 09:39:39][5] Processing: App\Jobs\SendReminderEmail
[2019-01-19 09:39:40][1] Processed:  App\Jobs\SendReminderEmail
[2019-01-19 09:39:40][2] Processed:  App\Jobs\SendReminderEmail
[2019-01-19 09:39:40][3] Processed:  App\Jobs\SendReminderEmail
[2019-01-19 09:39:40][4] Processed:  App\Jobs\SendReminderEmail
[2019-01-19 09:39:40][5] Processed:  App\Jobs\SendReminderEmail
[2019-01-19 09:40:22][6] Processing: App\Jobs\SendReminderEmail
[2019-01-19 09:40:22][6] Processed:  App\Jobs\SendReminderEmail
[2019-01-19 09:40:24][7] Processing: App\Jobs\SendReminderEmail
[2019-01-19 09:40:24][7] Processed:  App\Jobs\SendReminderEmail
[2019-01-19 09:40:25][8] Processing: App\Jobs\SendReminderEmail
[2019-01-19 09:40:25][8] Processed:  App\Jobs\SendReminderEmail
[2019-01-19 09:40:27][9] Processing: App\Jobs\SendReminderEmail
[2019-01-19 09:40:27][9] Processed:  App\Jobs\SendReminderEmail
[2019-01-19 09:40:28][10] Processing: App\Jobs\SendReminderEmail
[2019-01-19 09:40:28][11] Processing: App\Jobs\SendReminderEmail
[2019-01-19 09:40:28][12] Processing: App\Jobs\SendReminderEmail
[2019-01-19 09:40:28][10] Processed:  App\Jobs\SendReminderEmail
[2019-01-19 09:40:28][13] Processing: App\Jobs\SendReminderEmail
[2019-01-19 09:40:28][11] Processed:  App\Jobs\SendReminderEmail
[2019-01-19 09:40:29][12] Processed:  App\Jobs\SendReminderEmail
[2019-01-19 09:40:29][14] Processing: App\Jobs\SendReminderEmail
[2019-01-19 09:40:29][13] Processed:  App\Jobs\SendReminderEmail
[2019-01-19 09:40:29][14] Processed:  App\Jobs\SendReminderEmail
[2019-01-19 09:40:30][15] Processing: App\Jobs\SendReminderEmail
[2019-01-19 09:40:30][15] Processed:  App\Jobs\SendReminderEmail
[2019-01-19 09:40:31][16] Processing: App\Jobs\SendReminderEmail
[2019-01-19 09:40:31][16] Processed:  App\Jobs\SendReminderEmail
[2019-01-19 09:40:32][17] Processing: App\Jobs\SendReminderEmail
[2019-01-19 09:40:33][17] Processed:  App\Jobs\SendReminderEmail
[2019-01-19 09:40:33][18] Processing: App\Jobs\SendReminderEmail
[2019-01-19 09:40:34][19] Processing: App\Jobs\SendReminderEmail
[2019-01-19 09:40:34][20] Processing: App\Jobs\SendReminderEmail
[2019-01-19 09:40:34][18] Processed:  App\Jobs\SendReminderEmail
[2019-01-19 09:40:34][21] Processing: App\Jobs\SendReminderEmail
[2019-01-19 09:40:34][19] Processed:  App\Jobs\SendReminderEmail
[2019-01-19 09:40:34][20] Processed:  App\Jobs\SendReminderEmail
[2019-01-19 09:40:34][22] Processing: App\Jobs\SendReminderEmail
[2019-01-19 09:40:34][21] Processed:  App\Jobs\SendReminderEmail
[2019-01-19 09:40:35][22] Processed:  App\Jobs\SendReminderEmail
[2019-01-19 09:40:35][23] Processing: App\Jobs\SendReminderEmail
[2019-01-19 09:40:36][23] Processed:  App\Jobs\SendReminderEmail
[2019-01-19 09:40:36][24] Processing: App\Jobs\SendReminderEmail
[2019-01-19 09:40:37][24] Processed:  App\Jobs\SendReminderEmail
[2019-01-19 09:40:38][25] Processing: App\Jobs\SendReminderEmail
[2019-01-19 09:40:38][25] Processed:  App\Jobs\SendReminderEmail
[2019-01-19 09:40:39][26] Processing: App\Jobs\SendReminderEmail
[2019-01-19 09:40:39][27] Processing: App\Jobs\SendReminderEmail
[2019-01-19 09:40:39][28] Processing: App\Jobs\SendReminderEmail
[2019-01-19 09:40:39][26] Processed:  App\Jobs\SendReminderEmail
[2019-01-19 09:40:39][29] Processing: App\Jobs\SendReminderEmail
[2019-01-19 09:40:40][27] Processed:  App\Jobs\SendReminderEmail
[2019-01-19 09:40:40][28] Processed:  App\Jobs\SendReminderEmail
[2019-01-19 09:40:40][30] Processing: App\Jobs\SendReminderEmail
[2019-01-19 09:40:40][29] Processed:  App\Jobs\SendReminderEmail
[2019-01-19 09:40:40][30] Processed:  App\Jobs\SendReminderEmail
[2019-01-19 09:40:41][31] Processing: App\Jobs\SendReminderEmail
[2019-01-19 09:40:41][31] Processed:  App\Jobs\SendReminderEmail
[2019-01-19 09:40:42][32] Processing: App\Jobs\SendReminderEmail
[2019-01-19 09:40:42][32] Processed:  App\Jobs\SendReminderEmail
[2019-01-19 09:40:43][33] Processing: App\Jobs\SendReminderEmail
[2019-01-19 09:40:44][33] Processed:  App\Jobs\SendReminderEmail
